[PREINITIALIZATION][CLIENT][INFO] Current loaders after merging: [[preinit]]
[PREINITIALIZATION][CLIENT][INFO] Loading scripts for loader with names [preinit]
[PREINITIALIZATION][CLIENT][INFO] [preinit | SIDE_CLIENT]: Skipping file {[0:crafttweaker]: Arsenal.zs} as we are currently loading with a different loader
[PREINITIALIZATION][CLIENT][INFO] Completed script loading in: 1ms
[INITIALIZATION][CLIENT][INFO] CraftTweaker: Building registry
[INITIALIZATION][CLIENT][INFO] CraftTweaker: Successfully built item registry
[INITIALIZATION][CLIENT][INFO] Current loaders after merging: [[preinit], [recipeevent | crafttweaker]]
[INITIALIZATION][CLIENT][INFO] Loading scripts for loader with names [crafttweaker | recipeevent]
[INITIALIZATION][CLIENT][INFO] [crafttweaker | SIDE_CLIENT]: Loading Script: {[0:crafttweaker]: Arsenal.zs}
[INITIALIZATION][CLIENT][INFO] Translating item.wood_hammer.name to Wooden Sledgehammer
[INITIALIZATION][CLIENT][INFO] Translating item.stone_hammer.name to Stone Sledgehammer
[INITIALIZATION][CLIENT][INFO] Translating item.iron_hammer.name to Iron Sledgehammer
[INITIALIZATION][CLIENT][INFO] Translating item.diamond_hammer.name to Diamond Sledgehammer
[INITIALIZATION][CLIENT][INFO] Translating item.gold_hammer.name to Golden Sledgehammer
[INITIALIZATION][CLIENT][INFO] Translating tile.ore_cinnabar.name to Quicksilver Ore
[INITIALIZATION][CLIENT][INFO] Translating tile.ore_cinnabar.name to Quicksilver Ore
[INITIALIZATION][CLIENT][INFO] Removing Compressor Recipe from Avaritia with the output of: Iron Singularity
[INITIALIZATION][CLIENT][INFO] Adding Compressor recipe avaritia:craft_tweaker/compressor/iron_singularity_recipe for Iron Singularity
[INITIALIZATION][CLIENT][INFO] Removing Compressor Recipe from Avaritia with the output of: Golden Singularity
[INITIALIZATION][CLIENT][INFO] Adding Compressor recipe avaritia:craft_tweaker/compressor/golden_singularity_recipe for Golden Singularity
[INITIALIZATION][CLIENT][INFO] Removing Compressor Recipe from Avaritia with the output of: Lapis Singularity
[INITIALIZATION][CLIENT][INFO] Adding Compressor recipe avaritia:craft_tweaker/compressor/lapis_singularity_recipe for Lapis Singularity
[INITIALIZATION][CLIENT][INFO] Removing Compressor Recipe from Avaritia with the output of: Redstone Singularity
[INITIALIZATION][CLIENT][INFO] Adding Compressor recipe avaritia:craft_tweaker/compressor/redstone_singularity_recipe for Redstone Singularity
[INITIALIZATION][CLIENT][INFO] Removing Compressor Recipe from Avaritia with the output of: Nether Quartz Singularity
[INITIALIZATION][CLIENT][INFO] Adding Compressor recipe avaritia:craft_tweaker/compressor/nether_quartz_singularity_recipe for Nether Quartz Singularity
[INITIALIZATION][CLIENT][INFO] Removing Compressor Recipe from Avaritia with the output of: Copper Singularity
[INITIALIZATION][CLIENT][INFO] Adding Compressor recipe avaritia:craft_tweaker/compressor/copper_quartz_singularity_recipe for Copper Singularity
[INITIALIZATION][CLIENT][INFO] Removing Compressor Recipe from Avaritia with the output of: Tin Singularity
[INITIALIZATION][CLIENT][INFO] Adding Compressor recipe avaritia:craft_tweaker/compressor/tin_quartz_singularity_recipe for Tin Singularity
[INITIALIZATION][CLIENT][INFO] Removing Compressor Recipe from Avaritia with the output of: Lead Singularity
[INITIALIZATION][CLIENT][INFO] Translating item.singularity.lead.name to Dried Brick Singularity
[INITIALIZATION][CLIENT][INFO] Adding Compressor recipe avaritia:craft_tweaker/compressor/dried_brick_quartz_singularity_recipe for Dried Brick Singularity
[INITIALIZATION][CLIENT][INFO] Removing Compressor Recipe from Avaritia with the output of: Silver Singularity
[INITIALIZATION][CLIENT][INFO] Adding Compressor recipe avaritia:craft_tweaker/compressor/silver_singularity_recipe for Silver Singularity
[INITIALIZATION][CLIENT][INFO] Removing Compressor Recipe from Avaritia with the output of: Nickel Singularity
[INITIALIZATION][CLIENT][INFO] Translating item.singularity.nickel.name to Cobalt Singularity
[INITIALIZATION][CLIENT][INFO] Adding Compressor recipe avaritia:craft_tweaker/compressor/cobalt_singularity_recipe for Cobalt Singularity
[INITIALIZATION][CLIENT][INFO] Removing Compressor Recipe from Avaritia with the output of: Diamond Singularity
[INITIALIZATION][CLIENT][INFO] Adding Compressor recipe avaritia:craft_tweaker/compressor/diamond_singularity_recipe for Diamond Singularity
[INITIALIZATION][CLIENT][INFO] Removing Compressor Recipe from Avaritia with the output of: Emerald Singularity
[INITIALIZATION][CLIENT][INFO] Adding Compressor recipe avaritia:craft_tweaker/compressor/emerald_singularity_recipe for Emerald Singularity
[INITIALIZATION][CLIENT][INFO] Removing Compressor Recipe from Avaritia with the output of: Fluxed Singularity
[INITIALIZATION][CLIENT][INFO] Translating item.singularity.fluxed.name to Dreadium Singularity
[INITIALIZATION][CLIENT][INFO] Adding Compressor recipe avaritia:craft_tweaker/compressor/dreadium_singularity_recipe for Dreadium Singularity
[INITIALIZATION][CLIENT][INFO] Removing Compressor Recipe from Avaritia with the output of: Platinum Singularity
[INITIALIZATION][CLIENT][INFO] Translating item.singularity.fluxed.name to Infused Singularity
[INITIALIZATION][CLIENT][INFO] Adding Compressor recipe avaritia:craft_tweaker/compressor/infused_singularity_recipe for Platinum Singularity
[INITIALIZATION][CLIENT][INFO] Removing Compressor Recipe from Avaritia with the output of: Iridium Singularity
[INITIALIZATION][CLIENT][INFO] Translating item.singularity.fluxed.name to Starmetal Singularity
[INITIALIZATION][CLIENT][INFO] Adding Compressor recipe avaritia:craft_tweaker/compressor/starmetal_singularity_recipe for Iridium Singularity
[INITIALIZATION][CLIENT][INFO] Completed script loading in: 242ms
[INITIALIZATION][CLIENT][INFO] Translating item.wood_hammer.name to Wooden Sledgehammer
[INITIALIZATION][CLIENT][INFO] Translating item.stone_hammer.name to Stone Sledgehammer
[INITIALIZATION][CLIENT][INFO] Translating item.iron_hammer.name to Iron Sledgehammer
[INITIALIZATION][CLIENT][INFO] Translating item.diamond_hammer.name to Diamond Sledgehammer
[INITIALIZATION][CLIENT][INFO] Translating item.gold_hammer.name to Golden Sledgehammer
[INITIALIZATION][CLIENT][INFO] Translating tile.ore_cinnabar.name to Quicksilver Ore
[INITIALIZATION][CLIENT][INFO] Translating tile.ore_cinnabar.name to Quicksilver Ore
[INITIALIZATION][CLIENT][INFO] Translating item.singularity.lead.name to Dried Brick Singularity
[INITIALIZATION][CLIENT][INFO] Translating item.singularity.nickel.name to Cobalt Singularity
[INITIALIZATION][CLIENT][INFO] Translating item.singularity.fluxed.name to Dreadium Singularity
[INITIALIZATION][CLIENT][INFO] Translating item.singularity.fluxed.name to Infused Singularity
[INITIALIZATION][CLIENT][INFO] Translating item.singularity.fluxed.name to Starmetal Singularity
[POSTINITIALIZATION][CLIENT][INFO] Adding shaped recipe for Eye of Ender with name ct_shaped2065126976
[POSTINITIALIZATION][CLIENT][INFO] Adding shaped recipe for Elytra with name ct_shaped-1077117863
[POSTINITIALIZATION][CLIENT][INFO] Adding shaped recipe for Netherrack with name ct_shaped1514323645
[SERVER_STARTED][CLIENT][INFO] Fixed the RecipeBook
